<?xml version="1.0" encoding="UTF-8"?>
<testng-results skipped="0" failed="2" ignored="0" total="10" passed="8">
  <reporter-output>
  </reporter-output>
  <suite name="Command line suite" duration-ms="248938" started-at="2019-02-24T06:51:48Z" finished-at="2019-02-24T06:55:57Z">
    <groups>
    </groups>
    <test name="Command line test" duration-ms="248938" started-at="2019-02-24T06:51:48Z" finished-at="2019-02-24T06:55:57Z">
      <class name="com.google.pom.execution.GoogleSearchTest">
        <test-method status="PASS" signature="openBrowser()[pri:0, instance:com.google.pom.execution.GoogleSearchTest@7f690630]" name="openBrowser" is-config="true" duration-ms="10345" started-at="2019-02-24T06:53:06Z" finished-at="2019-02-24T06:53:16Z">
          <reporter-output>
          </reporter-output>
        </test-method> <!-- openBrowser -->
        <test-method status="PASS" signature="Search()[pri:0, instance:com.google.pom.execution.GoogleSearchTest@7f690630]" name="Search" duration-ms="3882" started-at="2019-02-24T06:53:16Z" finished-at="2019-02-24T06:53:20Z">
          <reporter-output>
          </reporter-output>
        </test-method> <!-- Search -->
        <test-method status="PASS" signature="TearDown()[pri:0, instance:com.google.pom.execution.GoogleSearchTest@7f690630]" name="TearDown" is-config="true" duration-ms="2757" started-at="2019-02-24T06:53:20Z" finished-at="2019-02-24T06:53:23Z">
          <reporter-output>
          </reporter-output>
        </test-method> <!-- TearDown -->
      </class> <!-- com.google.pom.execution.GoogleSearchTest -->
      <class name="com.google.pom.execution.page.factory.ImageSearchPfTest">
        <test-method status="PASS" signature="openBrowser()[pri:0, instance:com.google.pom.execution.page.factory.ImageSearchPfTest@1554909b]" name="openBrowser" is-config="true" duration-ms="10557" started-at="2019-02-24T06:55:37Z" finished-at="2019-02-24T06:55:48Z">
          <reporter-output>
          </reporter-output>
        </test-method> <!-- openBrowser -->
        <test-method status="PASS" signature="serchImage()[pri:0, instance:com.google.pom.execution.page.factory.ImageSearchPfTest@1554909b]" name="serchImage" duration-ms="6396" started-at="2019-02-24T06:55:48Z" finished-at="2019-02-24T06:55:54Z">
          <reporter-output>
          </reporter-output>
        </test-method> <!-- serchImage -->
        <test-method status="PASS" signature="tearDown()[pri:0, instance:com.google.pom.execution.page.factory.ImageSearchPfTest@1554909b]" name="tearDown" is-config="true" duration-ms="2834" started-at="2019-02-24T06:55:54Z" finished-at="2019-02-24T06:55:57Z">
          <reporter-output>
          </reporter-output>
        </test-method> <!-- tearDown -->
      </class> <!-- com.google.pom.execution.page.factory.ImageSearchPfTest -->
      <class name="com.google.pom.execution.page.factory.GmailLoginPfTest">
        <test-method status="PASS" signature="openBrowser()[pri:0, instance:com.google.pom.execution.page.factory.GmailLoginPfTest@566776ad]" name="openBrowser" is-config="true" duration-ms="8216" started-at="2019-02-24T06:54:50Z" finished-at="2019-02-24T06:54:58Z">
          <reporter-output>
          </reporter-output>
        </test-method> <!-- openBrowser -->
        <test-method status="PASS" signature="gmailLoginOperation()[pri:0, instance:com.google.pom.execution.page.factory.GmailLoginPfTest@566776ad]" name="gmailLoginOperation" duration-ms="18599" started-at="2019-02-24T06:54:58Z" finished-at="2019-02-24T06:55:17Z">
          <reporter-output>
          </reporter-output>
        </test-method> <!-- gmailLoginOperation -->
        <test-method status="PASS" signature="tearDown()[pri:0, instance:com.google.pom.execution.page.factory.GmailLoginPfTest@566776ad]" name="tearDown" is-config="true" duration-ms="2967" started-at="2019-02-24T06:55:17Z" finished-at="2019-02-24T06:55:20Z">
          <reporter-output>
          </reporter-output>
        </test-method> <!-- tearDown -->
      </class> <!-- com.google.pom.execution.page.factory.GmailLoginPfTest -->
      <class name="com.google.pom.execution.GmailLoginTest">
        <test-method status="PASS" signature="openBrowser()[pri:0, instance:com.google.pom.execution.GmailLoginTest@35f983a6]" name="openBrowser" is-config="true" duration-ms="46943" started-at="2019-02-24T06:51:48Z" finished-at="2019-02-24T06:52:35Z">
          <reporter-output>
          </reporter-output>
        </test-method> <!-- openBrowser -->
        <test-method status="PASS" signature="gmailLoginOperation()[pri:0, instance:com.google.pom.execution.GmailLoginTest@35f983a6]" name="gmailLoginOperation" duration-ms="27562" started-at="2019-02-24T06:52:35Z" finished-at="2019-02-24T06:53:03Z">
          <reporter-output>
          </reporter-output>
        </test-method> <!-- gmailLoginOperation -->
        <test-method status="PASS" signature="tearDown()[pri:0, instance:com.google.pom.execution.GmailLoginTest@35f983a6]" name="tearDown" is-config="true" duration-ms="3039" started-at="2019-02-24T06:53:03Z" finished-at="2019-02-24T06:53:06Z">
          <reporter-output>
          </reporter-output>
        </test-method> <!-- tearDown -->
      </class> <!-- com.google.pom.execution.GmailLoginTest -->
      <class name="com.google.pom.execution.ImageSearchTest">
        <test-method status="PASS" signature="openBrowser()[pri:0, instance:com.google.pom.execution.ImageSearchTest@edf4efb]" name="openBrowser" is-config="true" duration-ms="15605" started-at="2019-02-24T06:53:23Z" finished-at="2019-02-24T06:53:39Z">
          <reporter-output>
          </reporter-output>
        </test-method> <!-- openBrowser -->
        <test-method status="PASS" signature="serchImage()[pri:0, instance:com.google.pom.execution.ImageSearchTest@edf4efb]" name="serchImage" duration-ms="11775" started-at="2019-02-24T06:53:39Z" finished-at="2019-02-24T06:53:50Z">
          <reporter-output>
          </reporter-output>
        </test-method> <!-- serchImage -->
        <test-method status="PASS" signature="tearDown()[pri:0, instance:com.google.pom.execution.ImageSearchTest@edf4efb]" name="tearDown" is-config="true" duration-ms="2853" started-at="2019-02-24T06:53:50Z" finished-at="2019-02-24T06:53:53Z">
          <reporter-output>
          </reporter-output>
        </test-method> <!-- tearDown -->
      </class> <!-- com.google.pom.execution.ImageSearchTest -->
      <class name="com.google.pom.execution.page.factory.DataProviderPfTest">
        <test-method status="PASS" signature="openBrowser()[pri:0, instance:com.google.pom.execution.page.factory.DataProviderPfTest@2f7a2457]" name="openBrowser" is-config="true" duration-ms="9439" started-at="2019-02-24T06:53:53Z" finished-at="2019-02-24T06:54:03Z">
          <reporter-output>
          </reporter-output>
        </test-method> <!-- openBrowser -->
        <test-method status="PASS" signature="search(java.lang.String)[pri:0, instance:com.google.pom.execution.page.factory.DataProviderPfTest@2f7a2457]" name="search" duration-ms="3169" started-at="2019-02-24T06:54:03Z" data-provider="dp" finished-at="2019-02-24T06:54:06Z">
          <params>
            <param index="0">
              <value>
                <![CDATA[India Gate]]>
              </value>
            </param>
          </params>
          <reporter-output>
          </reporter-output>
        </test-method> <!-- search -->
        <test-method status="PASS" signature="tearDown()[pri:0, instance:com.google.pom.execution.page.factory.DataProviderPfTest@2f7a2457]" name="tearDown" is-config="true" duration-ms="2837" started-at="2019-02-24T06:54:06Z" finished-at="2019-02-24T06:54:09Z">
          <reporter-output>
          </reporter-output>
        </test-method> <!-- tearDown -->
        <test-method status="PASS" signature="openBrowser()[pri:0, instance:com.google.pom.execution.page.factory.DataProviderPfTest@2f7a2457]" name="openBrowser" is-config="true" duration-ms="11028" started-at="2019-02-24T06:54:09Z" finished-at="2019-02-24T06:54:20Z">
          <reporter-output>
          </reporter-output>
        </test-method> <!-- openBrowser -->
        <test-method status="FAIL" signature="search(java.lang.String)[pri:0, instance:com.google.pom.execution.page.factory.DataProviderPfTest@2f7a2457]" name="search" duration-ms="1346" started-at="2019-02-24T06:54:20Z" data-provider="dp" finished-at="2019-02-24T06:54:21Z">
          <params>
            <param index="0">
              <value>
                <![CDATA[Buland Sahar]]>
              </value>
            </param>
          </params>
          <exception class="org.openqa.selenium.WebDriverException">
            <message>
              <![CDATA[unknown error: Element <input value="Google Search" aria-label="Google Search" name="btnK" type="submit"> is not clickable at point (438, 411). Other element would receive the click: <b>...</b>
  (Session info: chrome=72.0.3626.109)
  (Driver info: chromedriver=2.44.609538 (b655c5a60b0b544917107a59d4153d4bf78e1b90),platform=Windows NT 10.0.17134 x86_64) (WARNING: The server did not provide any stacktrace information)
Command duration or timeout: 0 milliseconds
Build info: version: '3.141.59', revision: 'e82be7d358', time: '2018-11-14T08:17:03'
System info: host: 'TRIPTI-PC', ip: '192.168.1.101', os.name: 'Windows 10', os.arch: 'amd64', os.version: '10.0', java.version: '1.8.0_191'
Driver info: org.openqa.selenium.chrome.ChromeDriver
Capabilities {acceptInsecureCerts: false, acceptSslCerts: false, applicationCacheEnabled: false, browserConnectionEnabled: false, browserName: chrome, chrome: {chromedriverVersion: 2.44.609538 (b655c5a60b0b54..., userDataDir: C:\Users\rishabh\AppData\Lo...}, cssSelectorsEnabled: true, databaseEnabled: false, goog:chromeOptions: {debuggerAddress: localhost:50896}, handlesAlerts: true, hasTouchScreen: false, javascriptEnabled: true, locationContextEnabled: true, mobileEmulationEnabled: false, nativeEvents: true, networkConnectionEnabled: false, pageLoadStrategy: normal, platform: XP, platformName: XP, rotatable: false, setWindowRect: true, takesHeapSnapshot: true, takesScreenshot: true, unexpectedAlertBehaviour: ignore, unhandledPromptBehavior: ignore, version: 72.0.3626.109, webStorageEnabled: true}
Session ID: 3957599d8a640f6df504ec6fb4bcf81a]]>
            </message>
            <full-stacktrace>
              <![CDATA[org.openqa.selenium.WebDriverException: unknown error: Element <input value="Google Search" aria-label="Google Search" name="btnK" type="submit"> is not clickable at point (438, 411). Other element would receive the click: <b>...</b>
  (Session info: chrome=72.0.3626.109)
  (Driver info: chromedriver=2.44.609538 (b655c5a60b0b544917107a59d4153d4bf78e1b90),platform=Windows NT 10.0.17134 x86_64) (WARNING: The server did not provide any stacktrace information)
Command duration or timeout: 0 milliseconds
Build info: version: '3.141.59', revision: 'e82be7d358', time: '2018-11-14T08:17:03'
System info: host: 'TRIPTI-PC', ip: '192.168.1.101', os.name: 'Windows 10', os.arch: 'amd64', os.version: '10.0', java.version: '1.8.0_191'
Driver info: org.openqa.selenium.chrome.ChromeDriver
Capabilities {acceptInsecureCerts: false, acceptSslCerts: false, applicationCacheEnabled: false, browserConnectionEnabled: false, browserName: chrome, chrome: {chromedriverVersion: 2.44.609538 (b655c5a60b0b54..., userDataDir: C:\Users\rishabh\AppData\Lo...}, cssSelectorsEnabled: true, databaseEnabled: false, goog:chromeOptions: {debuggerAddress: localhost:50896}, handlesAlerts: true, hasTouchScreen: false, javascriptEnabled: true, locationContextEnabled: true, mobileEmulationEnabled: false, nativeEvents: true, networkConnectionEnabled: false, pageLoadStrategy: normal, platform: XP, platformName: XP, rotatable: false, setWindowRect: true, takesHeapSnapshot: true, takesScreenshot: true, unexpectedAlertBehaviour: ignore, unhandledPromptBehavior: ignore, version: 72.0.3626.109, webStorageEnabled: true}
Session ID: 3957599d8a640f6df504ec6fb4bcf81a
at sun.reflect.NativeConstructorAccessorImpl.newInstance0(Native Method)
at sun.reflect.NativeConstructorAccessorImpl.newInstance(Unknown Source)
at sun.reflect.DelegatingConstructorAccessorImpl.newInstance(Unknown Source)
at java.lang.reflect.Constructor.newInstance(Unknown Source)
at org.openqa.selenium.remote.ErrorHandler.createThrowable(ErrorHandler.java:214)
at org.openqa.selenium.remote.ErrorHandler.throwIfResponseFailed(ErrorHandler.java:166)
at org.openqa.selenium.remote.http.JsonHttpResponseCodec.reconstructValue(JsonHttpResponseCodec.java:40)
at org.openqa.selenium.remote.http.AbstractHttpResponseCodec.decode(AbstractHttpResponseCodec.java:80)
at org.openqa.selenium.remote.http.AbstractHttpResponseCodec.decode(AbstractHttpResponseCodec.java:44)
at org.openqa.selenium.remote.HttpCommandExecutor.execute(HttpCommandExecutor.java:158)
at org.openqa.selenium.remote.service.DriverCommandExecutor.execute(DriverCommandExecutor.java:83)
at org.openqa.selenium.remote.RemoteWebDriver.execute(RemoteWebDriver.java:552)
at org.openqa.selenium.remote.RemoteWebElement.execute(RemoteWebElement.java:285)
at org.openqa.selenium.remote.RemoteWebElement.click(RemoteWebElement.java:84)
at com.google.page.object.model.GooglePage.clickSearchButton(GooglePage.java:29)
at com.google.pom.execution.page.factory.DataProviderPfTest.search(DataProviderPfTest.java:19)
at sun.reflect.NativeMethodAccessorImpl.invoke0(Native Method)
at sun.reflect.NativeMethodAccessorImpl.invoke(Unknown Source)
at sun.reflect.DelegatingMethodAccessorImpl.invoke(Unknown Source)
at java.lang.reflect.Method.invoke(Unknown Source)
at org.testng.internal.MethodInvocationHelper.invokeMethod(MethodInvocationHelper.java:124)
at org.testng.internal.Invoker.invokeMethod(Invoker.java:583)
at org.testng.internal.Invoker.invokeTestMethod(Invoker.java:719)
at org.testng.internal.Invoker.invokeTestMethods(Invoker.java:989)
at org.testng.internal.TestMethodWorker.invokeTestMethods(TestMethodWorker.java:125)
at org.testng.internal.TestMethodWorker.run(TestMethodWorker.java:109)
at org.testng.TestRunner.privateRun(TestRunner.java:648)
at org.testng.TestRunner.run(TestRunner.java:505)
at org.testng.SuiteRunner.runTest(SuiteRunner.java:455)
at org.testng.SuiteRunner.runSequentially(SuiteRunner.java:450)
at org.testng.SuiteRunner.privateRun(SuiteRunner.java:415)
at org.testng.SuiteRunner.run(SuiteRunner.java:364)
at org.testng.SuiteRunnerWorker.runSuite(SuiteRunnerWorker.java:52)
at org.testng.SuiteRunnerWorker.run(SuiteRunnerWorker.java:84)
at org.testng.TestNG.runSuitesSequentially(TestNG.java:1208)
at org.testng.TestNG.runSuitesLocally(TestNG.java:1137)
at org.testng.TestNG.runSuites(TestNG.java:1049)
at org.testng.TestNG.run(TestNG.java:1017)
at org.apache.maven.surefire.testng.TestNGExecutor.run(TestNGExecutor.java:77)
at org.apache.maven.surefire.testng.TestNGDirectoryTestSuite.executeMulti(TestNGDirectoryTestSuite.java:159)
at org.apache.maven.surefire.testng.TestNGDirectoryTestSuite.execute(TestNGDirectoryTestSuite.java:99)
at org.apache.maven.surefire.testng.TestNGProvider.invoke(TestNGProvider.java:106)
at sun.reflect.NativeMethodAccessorImpl.invoke0(Native Method)
at sun.reflect.NativeMethodAccessorImpl.invoke(Unknown Source)
at sun.reflect.DelegatingMethodAccessorImpl.invoke(Unknown Source)
at java.lang.reflect.Method.invoke(Unknown Source)
at org.apache.maven.surefire.util.ReflectionUtils.invokeMethodWithArray(ReflectionUtils.java:189)
at org.apache.maven.surefire.booter.ProviderFactory$ProviderProxy.invoke(ProviderFactory.java:165)
at org.apache.maven.surefire.booter.ProviderFactory.invokeProvider(ProviderFactory.java:85)
at org.apache.maven.surefire.booter.ForkedBooter.runSuitesInProcess(ForkedBooter.java:115)
at org.apache.maven.surefire.booter.ForkedBooter.main(ForkedBooter.java:75)
]]>
            </full-stacktrace>
          </exception> <!-- org.openqa.selenium.WebDriverException -->
          <reporter-output>
          </reporter-output>
        </test-method> <!-- search -->
        <test-method status="PASS" signature="tearDown()[pri:0, instance:com.google.pom.execution.page.factory.DataProviderPfTest@2f7a2457]" name="tearDown" is-config="true" duration-ms="2875" started-at="2019-02-24T06:54:21Z" finished-at="2019-02-24T06:54:24Z">
          <reporter-output>
          </reporter-output>
        </test-method> <!-- tearDown -->
        <test-method status="PASS" signature="openBrowser()[pri:0, instance:com.google.pom.execution.page.factory.DataProviderPfTest@2f7a2457]" name="openBrowser" is-config="true" duration-ms="9334" started-at="2019-02-24T06:54:24Z" finished-at="2019-02-24T06:54:33Z">
          <reporter-output>
          </reporter-output>
        </test-method> <!-- openBrowser -->
        <test-method status="FAIL" signature="search(java.lang.String)[pri:0, instance:com.google.pom.execution.page.factory.DataProviderPfTest@2f7a2457]" name="search" duration-ms="495" started-at="2019-02-24T06:54:33Z" data-provider="dp" finished-at="2019-02-24T06:54:34Z">
          <params>
            <param index="0">
              <value>
                <![CDATA[Jammu]]>
              </value>
            </param>
          </params>
          <exception class="org.openqa.selenium.WebDriverException">
            <message>
              <![CDATA[unknown error: Element <input value="Google Search" aria-label="Google Search" name="btnK" type="submit"> is not clickable at point (438, 411). Other element would receive the click: <span>...</span>
  (Session info: chrome=72.0.3626.109)
  (Driver info: chromedriver=2.44.609538 (b655c5a60b0b544917107a59d4153d4bf78e1b90),platform=Windows NT 10.0.17134 x86_64) (WARNING: The server did not provide any stacktrace information)
Command duration or timeout: 0 milliseconds
Build info: version: '3.141.59', revision: 'e82be7d358', time: '2018-11-14T08:17:03'
System info: host: 'TRIPTI-PC', ip: '192.168.1.101', os.name: 'Windows 10', os.arch: 'amd64', os.version: '10.0', java.version: '1.8.0_191'
Driver info: org.openqa.selenium.chrome.ChromeDriver
Capabilities {acceptInsecureCerts: false, acceptSslCerts: false, applicationCacheEnabled: false, browserConnectionEnabled: false, browserName: chrome, chrome: {chromedriverVersion: 2.44.609538 (b655c5a60b0b54..., userDataDir: C:\Users\rishabh\AppData\Lo...}, cssSelectorsEnabled: true, databaseEnabled: false, goog:chromeOptions: {debuggerAddress: localhost:50930}, handlesAlerts: true, hasTouchScreen: false, javascriptEnabled: true, locationContextEnabled: true, mobileEmulationEnabled: false, nativeEvents: true, networkConnectionEnabled: false, pageLoadStrategy: normal, platform: XP, platformName: XP, rotatable: false, setWindowRect: true, takesHeapSnapshot: true, takesScreenshot: true, unexpectedAlertBehaviour: ignore, unhandledPromptBehavior: ignore, version: 72.0.3626.109, webStorageEnabled: true}
Session ID: a60852fd7ba1468711ab0c4847501ca0]]>
            </message>
            <full-stacktrace>
              <![CDATA[org.openqa.selenium.WebDriverException: unknown error: Element <input value="Google Search" aria-label="Google Search" name="btnK" type="submit"> is not clickable at point (438, 411). Other element would receive the click: <span>...</span>
  (Session info: chrome=72.0.3626.109)
  (Driver info: chromedriver=2.44.609538 (b655c5a60b0b544917107a59d4153d4bf78e1b90),platform=Windows NT 10.0.17134 x86_64) (WARNING: The server did not provide any stacktrace information)
Command duration or timeout: 0 milliseconds
Build info: version: '3.141.59', revision: 'e82be7d358', time: '2018-11-14T08:17:03'
System info: host: 'TRIPTI-PC', ip: '192.168.1.101', os.name: 'Windows 10', os.arch: 'amd64', os.version: '10.0', java.version: '1.8.0_191'
Driver info: org.openqa.selenium.chrome.ChromeDriver
Capabilities {acceptInsecureCerts: false, acceptSslCerts: false, applicationCacheEnabled: false, browserConnectionEnabled: false, browserName: chrome, chrome: {chromedriverVersion: 2.44.609538 (b655c5a60b0b54..., userDataDir: C:\Users\rishabh\AppData\Lo...}, cssSelectorsEnabled: true, databaseEnabled: false, goog:chromeOptions: {debuggerAddress: localhost:50930}, handlesAlerts: true, hasTouchScreen: false, javascriptEnabled: true, locationContextEnabled: true, mobileEmulationEnabled: false, nativeEvents: true, networkConnectionEnabled: false, pageLoadStrategy: normal, platform: XP, platformName: XP, rotatable: false, setWindowRect: true, takesHeapSnapshot: true, takesScreenshot: true, unexpectedAlertBehaviour: ignore, unhandledPromptBehavior: ignore, version: 72.0.3626.109, webStorageEnabled: true}
Session ID: a60852fd7ba1468711ab0c4847501ca0
at sun.reflect.NativeConstructorAccessorImpl.newInstance0(Native Method)
at sun.reflect.NativeConstructorAccessorImpl.newInstance(Unknown Source)
at sun.reflect.DelegatingConstructorAccessorImpl.newInstance(Unknown Source)
at java.lang.reflect.Constructor.newInstance(Unknown Source)
at org.openqa.selenium.remote.ErrorHandler.createThrowable(ErrorHandler.java:214)
at org.openqa.selenium.remote.ErrorHandler.throwIfResponseFailed(ErrorHandler.java:166)
at org.openqa.selenium.remote.http.JsonHttpResponseCodec.reconstructValue(JsonHttpResponseCodec.java:40)
at org.openqa.selenium.remote.http.AbstractHttpResponseCodec.decode(AbstractHttpResponseCodec.java:80)
at org.openqa.selenium.remote.http.AbstractHttpResponseCodec.decode(AbstractHttpResponseCodec.java:44)
at org.openqa.selenium.remote.HttpCommandExecutor.execute(HttpCommandExecutor.java:158)
at org.openqa.selenium.remote.service.DriverCommandExecutor.execute(DriverCommandExecutor.java:83)
at org.openqa.selenium.remote.RemoteWebDriver.execute(RemoteWebDriver.java:552)
at org.openqa.selenium.remote.RemoteWebElement.execute(RemoteWebElement.java:285)
at org.openqa.selenium.remote.RemoteWebElement.click(RemoteWebElement.java:84)
at com.google.page.object.model.GooglePage.clickSearchButton(GooglePage.java:29)
at com.google.pom.execution.page.factory.DataProviderPfTest.search(DataProviderPfTest.java:19)
at sun.reflect.NativeMethodAccessorImpl.invoke0(Native Method)
at sun.reflect.NativeMethodAccessorImpl.invoke(Unknown Source)
at sun.reflect.DelegatingMethodAccessorImpl.invoke(Unknown Source)
at java.lang.reflect.Method.invoke(Unknown Source)
at org.testng.internal.MethodInvocationHelper.invokeMethod(MethodInvocationHelper.java:124)
at org.testng.internal.Invoker.invokeMethod(Invoker.java:583)
at org.testng.internal.Invoker.invokeTestMethod(Invoker.java:719)
at org.testng.internal.Invoker.invokeTestMethods(Invoker.java:989)
at org.testng.internal.TestMethodWorker.invokeTestMethods(TestMethodWorker.java:125)
at org.testng.internal.TestMethodWorker.run(TestMethodWorker.java:109)
at org.testng.TestRunner.privateRun(TestRunner.java:648)
at org.testng.TestRunner.run(TestRunner.java:505)
at org.testng.SuiteRunner.runTest(SuiteRunner.java:455)
at org.testng.SuiteRunner.runSequentially(SuiteRunner.java:450)
at org.testng.SuiteRunner.privateRun(SuiteRunner.java:415)
at org.testng.SuiteRunner.run(SuiteRunner.java:364)
at org.testng.SuiteRunnerWorker.runSuite(SuiteRunnerWorker.java:52)
at org.testng.SuiteRunnerWorker.run(SuiteRunnerWorker.java:84)
at org.testng.TestNG.runSuitesSequentially(TestNG.java:1208)
at org.testng.TestNG.runSuitesLocally(TestNG.java:1137)
at org.testng.TestNG.runSuites(TestNG.java:1049)
at org.testng.TestNG.run(TestNG.java:1017)
at org.apache.maven.surefire.testng.TestNGExecutor.run(TestNGExecutor.java:77)
at org.apache.maven.surefire.testng.TestNGDirectoryTestSuite.executeMulti(TestNGDirectoryTestSuite.java:159)
at org.apache.maven.surefire.testng.TestNGDirectoryTestSuite.execute(TestNGDirectoryTestSuite.java:99)
at org.apache.maven.surefire.testng.TestNGProvider.invoke(TestNGProvider.java:106)
at sun.reflect.NativeMethodAccessorImpl.invoke0(Native Method)
at sun.reflect.NativeMethodAccessorImpl.invoke(Unknown Source)
at sun.reflect.DelegatingMethodAccessorImpl.invoke(Unknown Source)
at java.lang.reflect.Method.invoke(Unknown Source)
at org.apache.maven.surefire.util.ReflectionUtils.invokeMethodWithArray(ReflectionUtils.java:189)
at org.apache.maven.surefire.booter.ProviderFactory$ProviderProxy.invoke(ProviderFactory.java:165)
at org.apache.maven.surefire.booter.ProviderFactory.invokeProvider(ProviderFactory.java:85)
at org.apache.maven.surefire.booter.ForkedBooter.runSuitesInProcess(ForkedBooter.java:115)
at org.apache.maven.surefire.booter.ForkedBooter.main(ForkedBooter.java:75)
]]>
            </full-stacktrace>
          </exception> <!-- org.openqa.selenium.WebDriverException -->
          <reporter-output>
          </reporter-output>
        </test-method> <!-- search -->
        <test-method status="PASS" signature="tearDown()[pri:0, instance:com.google.pom.execution.page.factory.DataProviderPfTest@2f7a2457]" name="tearDown" is-config="true" duration-ms="2826" started-at="2019-02-24T06:54:34Z" finished-at="2019-02-24T06:54:37Z">
          <reporter-output>
          </reporter-output>
        </test-method> <!-- tearDown -->
        <test-method status="PASS" signature="openBrowser()[pri:0, instance:com.google.pom.execution.page.factory.DataProviderPfTest@2f7a2457]" name="openBrowser" is-config="true" duration-ms="6060" started-at="2019-02-24T06:54:37Z" finished-at="2019-02-24T06:54:43Z">
          <reporter-output>
          </reporter-output>
        </test-method> <!-- openBrowser -->
        <test-method status="PASS" signature="search(java.lang.String)[pri:0, instance:com.google.pom.execution.page.factory.DataProviderPfTest@2f7a2457]" name="search" duration-ms="4085" started-at="2019-02-24T06:54:43Z" data-provider="dp" finished-at="2019-02-24T06:54:47Z">
          <params>
            <param index="0">
              <value>
                <![CDATA[US]]>
              </value>
            </param>
          </params>
          <reporter-output>
          </reporter-output>
        </test-method> <!-- search -->
        <test-method status="PASS" signature="tearDown()[pri:0, instance:com.google.pom.execution.page.factory.DataProviderPfTest@2f7a2457]" name="tearDown" is-config="true" duration-ms="3198" started-at="2019-02-24T06:54:47Z" finished-at="2019-02-24T06:54:50Z">
          <reporter-output>
          </reporter-output>
        </test-method> <!-- tearDown -->
      </class> <!-- com.google.pom.execution.page.factory.DataProviderPfTest -->
      <class name="com.google.pom.execution.page.factory.GoogleSearchPfTest">
        <test-method status="PASS" signature="openBrowser()[pri:0, instance:com.google.pom.execution.page.factory.GoogleSearchPfTest@6108b2d7]" name="openBrowser" is-config="true" duration-ms="9411" started-at="2019-02-24T06:55:20Z" finished-at="2019-02-24T06:55:29Z">
          <reporter-output>
          </reporter-output>
        </test-method> <!-- openBrowser -->
        <test-method status="PASS" signature="Search()[pri:0, instance:com.google.pom.execution.page.factory.GoogleSearchPfTest@6108b2d7]" name="Search" duration-ms="5151" started-at="2019-02-24T06:55:29Z" finished-at="2019-02-24T06:55:34Z">
          <reporter-output>
          </reporter-output>
        </test-method> <!-- Search -->
        <test-method status="PASS" signature="TearDown()[pri:0, instance:com.google.pom.execution.page.factory.GoogleSearchPfTest@6108b2d7]" name="TearDown" is-config="true" duration-ms="2954" started-at="2019-02-24T06:55:34Z" finished-at="2019-02-24T06:55:37Z">
          <reporter-output>
          </reporter-output>
        </test-method> <!-- TearDown -->
      </class> <!-- com.google.pom.execution.page.factory.GoogleSearchPfTest -->
    </test> <!-- Command line test -->
  </suite> <!-- Command line suite -->
</testng-results>
